// 同步 ID: 0b95df02 @ Thu Jun 11 12:27:44 UTC 2026
// 同步 ID: 65253c46 @ Mon Jun 15 16:32:51 UTC 2026
// 同步 ID: 123fc721 @ Wed Jun 17 22:18:22 UTC 2026
// 同步 ID: 03e5acdd @ Fri Jun 19 12:57:46 UTC 2026
// 同步 ID: 1efd7aa7 @ Sat Jun 20 10:35:25 UTC 2026
// 重构日志: b3f77105
// 同步 ID: f2fa1ee9 @ Tue Jun 23 12:09:05 UTC 2026
// 同步 ID: 3632fe07 @ Wed Jun 24 17:38:17 UTC 2026
// 同步 ID: 090f2f95 @ Thu Jun 25 19:18:31 UTC 2026
// 同步 ID: a3781a1a @ Sat Jun 27 13:30:01 UTC 2026
// 重构日志: 322a7fd5
// 重构日志: 1b03366c
// 重构日志: ef2d6267
// 重构日志: 5e76d7d3
// 重构日志: 5010a488
// 同步 ID: 98bcb893 @ Fri Jul  3 17:59:57 UTC 2026
// 重构日志: b682f5e7
// 同步 ID: fff798f3 @ Sat Jul  4 11:07:16 UTC 2026
// 同步 ID: fbb2af7f @ Sat Jul  4 18:20:08 UTC 2026
// 重构日志: ec545757
// 重构日志: 646a364a
// 同步 ID: 49c3a2a2 @ Mon Jul  6 21:14:43 UTC 2026
// 同步 ID: d7ca37e0 @ Tue Jul  7 06:04:01 UTC 2026
// 同步 ID: 4c35c341 @ Tue Jul  7 16:56:19 UTC 2026
// 同步 ID: 2ba33ce2 @ Wed Jul  8 05:05:07 UTC 2026
// 重构日志: a59d47de
// 重构日志: 205b6a50
